build/app/outputs/mapping/release/usage.txt
com.google.common.collect.TreeRangeSet$RangesByUpperBound$1
kotlin.UIntArray
com.google.common.primitives.Doubles$DoubleArrayAsList
com.google.common.hash.Hashing$ChecksumType
com.google.common.annotations.GwtIncompatible
com.google.common.util.concurrent.ExecutionError
com.google.common.graph.Traverser
com.google.common.collect.MapDifference$ValueDifference
com.google.common.collect.ImmutableMapValues$2
com.google.common.collect.ForwardingMultimap
com.google.common.hash.ImmutableSupplier
com.google.common.collect.AbstractNavigableMap$DescendingMap
com.google.common.primitives.ImmutableLongArray$Builder
com.google.common.collect.Multimaps$CustomSortedSetMultimap
com.google.common.collect.MapMakerInternalMap$StrongKeyWeakValueSegment
org.intellij.lang.annotations.JdkConstants$FlowLayoutAlignment
com.google.common.util.concurrent.TrustedListenableFutureTask
com.google.common.base.Predicates$ObjectPredicate$1
androidx.loader.R$id
com.google.common.collect.ObjectCountLinkedHashMap
androidx.viewpager.widget.ViewPager$2
com.google.common.collect.DescendingImmutableSortedMultiset
kotlin.collections.CollectionsKt__CollectionsKt$binarySearchBy$1
androidx.fragment.R$attr
kotlin.jvm.functions.Function11
io.flutter.view.FlutterView
com.google.common.collect.SortedLists$1
com.google.common.cache.LocalCache$HashIterator
kotlin.text.StringsKt__StringNumberConversionsKt
com.google.common.util.concurrent.Striped$SmallLazyStriped$ArrayReference
androidx.customview.widget.ViewDragHelper
androidx.core.view.accessibility.AccessibilityClickableSpanCompat
com.google.common.collect.Iterables$5
com.google.common.util.concurrent.AbstractExecutionThreadService
io.flutter.embedding.engine.plugins.contentprovider.ContentProviderPluginBinding:
    public abstract android.content.ContentProvider getContentProvider()
kotlin.coroutines.ContinuationInterceptor$Key
kotlin.contracts.ContractBuilder
com.google.common.cache.CacheBuilderSpec$ValueStrengthParser
com.google.common.cache.LocalCache$LoadingValueReference$1
androidx.fragment.app.Fragment$AnimationInfo
com.google.common.collect.Lists
kotlin.text.StringsKt__StringsKt$splitToSequence$2
io.flutter.plugin.common.EventChannel$EventSink
com.google.common.collect.ImmutableMapValues$1
androidx.customview.R$style
com.google.common.collect.LinkedListMultimap$1EntriesImpl
com.google.common.util.concurrent.Futures:
    private void <init>()
    public static com.google.common.util.concurrent.ListenableFuture immediateFuture(java.lang.Object)
    public static com.google.common.util.concurrent.ListenableFuture immediateFailedFuture(java.lang.Throwable)
    public static com.google.common.util.concurrent.ListenableFuture immediateCancelledFuture()
    public static com.google.common.util.concurrent.ListenableFuture submitAsync(com.google.common.util.concurrent.AsyncCallable,java.util.concurrent.Executor)
    public static com.google.common.util.concurrent.ListenableFuture scheduleAsync(com.google.common.util.concurrent.AsyncCallable,long,java.util.concurrent.TimeUnit,java.util.concurrent.ScheduledExecutorService)
    public static com.google.common.util.concurrent.ListenableFuture catching(com.google.common.util.concurrent.ListenableFuture,java.lang.Class,com.google.common.base.Function,java.util.concurrent.Executor)
    public static com.google.common.util.concurrent.ListenableFuture catchingAsync(com.google.common.util.concurrent.ListenableFuture,java.lang.Class,com.google.common.util.concurrent.AsyncFunction,java.util.concurrent.Executor)
    public static com.google.common.util.concurrent.ListenableFuture withTimeout(com.google.common.util.concurrent.ListenableFuture,long,java.util.concurrent.TimeUnit,java.util.concurrent.ScheduledExecutorService)
com.google.common.primitives.Booleans$BooleanArrayAsList
com.google.common.collect.ReverseNaturalOrdering
com.google.common.collect.Maps$ValueDifferenceImpl